\BOOKMARK [0][-]{chapter.1}{Offers}{}% 1
\BOOKMARK [1][-]{section.1.1}{.}{chapter.1}% 2
\BOOKMARK [1][-]{section.1.2}{.}{chapter.1}% 3
\BOOKMARK [1][-]{section.1.3}{.}{chapter.1}% 4
\BOOKMARK [0][-]{chapter.2}{Payment}{}% 5
\BOOKMARK [1][-]{section.2.1}{.}{chapter.2}% 6
\BOOKMARK [1][-]{section.2.2}{.}{chapter.2}% 7
\BOOKMARK [1][-]{section.2.3}{.}{chapter.2}% 8
\BOOKMARK [1][-]{section.2.4}{.}{chapter.2}% 9
\BOOKMARK [1][-]{section.2.5}{.}{chapter.2}% 10
\BOOKMARK [1][-]{section.2.6}{.}{chapter.2}% 11
\BOOKMARK [1][-]{section.2.7}{.}{chapter.2}% 12
\BOOKMARK [0][-]{chapter.3}{Duration of an Agreement}{}% 13
\BOOKMARK [1][-]{section.3.1}{.}{chapter.3}% 14
\BOOKMARK [1][-]{section.3.2}{.}{chapter.3}% 15
\BOOKMARK [0][-]{chapter.4}{Delivery}{}% 16
\BOOKMARK [1][-]{section.4.1}{.}{chapter.4}% 17
\BOOKMARK [1][-]{section.4.2}{.}{chapter.4}% 18
\BOOKMARK [1][-]{section.4.3}{.}{chapter.4}% 19
\BOOKMARK [1][-]{section.4.4}{.}{chapter.4}% 20
\BOOKMARK [1][-]{section.4.5}{.}{chapter.4}% 21
\BOOKMARK [0][-]{chapter.5}{Software development}{}% 22
\BOOKMARK [1][-]{section.5.1}{.}{chapter.5}% 23
\BOOKMARK [1][-]{section.5.2}{.}{chapter.5}% 24
\BOOKMARK [1][-]{section.5.3}{.}{chapter.5}% 25
\BOOKMARK [1][-]{section.5.4}{.}{chapter.5}% 26
\BOOKMARK [1][-]{section.5.5}{.}{chapter.5}% 27
\BOOKMARK [1][-]{section.5.6}{.}{chapter.5}% 28
\BOOKMARK [1][-]{section.5.7}{.}{chapter.5}% 29
\BOOKMARK [1][-]{section.5.8}{.}{chapter.5}% 30
\BOOKMARK [1][-]{section.5.9}{.}{chapter.5}% 31
\BOOKMARK [1][-]{section.5.10}{.}{chapter.5}% 32
\BOOKMARK [1][-]{section.5.11}{.}{chapter.5}% 33
\BOOKMARK [0][-]{chapter.6}{Access to and right to use the software}{}% 34
\BOOKMARK [1][-]{section.6.1}{.}{chapter.6}% 35
\BOOKMARK [1][-]{section.6.2}{.}{chapter.6}% 36
\BOOKMARK [1][-]{section.6.3}{.}{chapter.6}% 37
\BOOKMARK [1][-]{section.6.4}{.}{chapter.6}% 38
\BOOKMARK [1][-]{section.6.5}{.}{chapter.6}% 39
\BOOKMARK [1][-]{section.6.6}{.}{chapter.6}% 40
\BOOKMARK [1][-]{section.6.7}{.}{chapter.6}% 41
\BOOKMARK [0][-]{chapter.7}{Termination/Cancellation}{}% 42
\BOOKMARK [1][-]{section.7.1}{.}{chapter.7}% 43
\BOOKMARK [1][-]{section.7.2}{.}{chapter.7}% 44
\BOOKMARK [1][-]{section.7.3}{.}{chapter.7}% 45
\BOOKMARK [1][-]{section.7.4}{.}{chapter.7}% 46
\BOOKMARK [1][-]{section.7.5}{.}{chapter.7}% 47
\BOOKMARK [0][-]{chapter.8}{Liability; restrictions on liability}{}% 48
\BOOKMARK [1][-]{section.8.1}{.}{chapter.8}% 49
\BOOKMARK [1][-]{section.8.2}{.}{chapter.8}% 50
\BOOKMARK [1][-]{section.8.3}{.}{chapter.8}% 51
\BOOKMARK [1][-]{section.8.4}{.}{chapter.8}% 52
\BOOKMARK [1][-]{section.8.5}{.}{chapter.8}% 53
\BOOKMARK [0][-]{chapter.9}{Intellectual or industrial property rights}{}% 54
\BOOKMARK [1][-]{section.9.1}{.}{chapter.9}% 55
\BOOKMARK [1][-]{section.9.2}{.}{chapter.9}% 56
\BOOKMARK [1][-]{section.9.3}{.}{chapter.9}% 57
\BOOKMARK [1][-]{section.9.4}{.}{chapter.9}% 58
\BOOKMARK [0][-]{chapter.10}{Closing provisions}{}% 59
\BOOKMARK [1][-]{section.10.1}{.}{chapter.10}% 60
\BOOKMARK [0][-]{chapter.11}{Governing law; dispute resolution}{}% 61
\BOOKMARK [1][-]{section.11.1}{.}{chapter.11}% 62
\BOOKMARK [1][-]{section.11.2}{.}{chapter.11}% 63
